<?xml version="1.0" encoding="UTF-8"?>
<!-- Generated by org.testng.reporters.JUnitReportReporter -->
<testsuite hostname="DESKTOP-MP2J7MS" failures="0" tests="1" name="inputFormSubmit.InputFormSubmitClass" time="23.437" errors="0" timestamp="2025-03-10T00:35:06 IST" skipped="0">
  <testcase classname="inputFormSubmit.InputFormSubmitClass" name="TestScenario3" time="23.437"/>
  <system-out/>
</testsuite> <!-- inputFormSubmit.InputFormSubmitClass -->
